2026-01-16 03:34:31,948 [INFO] Running /home/giangvm1/miniconda3/envs/pangenome/bin/cuteSV results/alignments/linear_lr/HG02059/chr22.sorted.bam results/backbone/ref_by_chrom/chr22.fa results/called_variants/cutesv/linear_lr/HG02059/chr22.sv.vcf results/called_variants/cutesv/linear_lr/HG02059/chr22_workdir --threads 4 --max_cluster_bias_INS 100 --diff_ratio_merging_INS 0.3 --max_cluster_bias_DEL 100 --diff_ratio_merging_DEL 0.3 --min_support 3 --min_size 50 --max_size 100000 --genotype
2026-01-16 03:34:31,949 [INFO] The total number of chromsomes: 1
2026-01-16 03:34:31,962 [INFO] Finished chr22:0-1239474.
2026-01-16 03:34:31,963 [INFO] Finished chr22:2478949-3718424.
2026-01-16 03:34:31,963 [INFO] Finished chr22:3718424-4957899.
2026-01-16 03:34:31,963 [INFO] Finished chr22:1239474-2478949.
2026-01-16 03:34:31,975 [INFO] Finished chr22:4957899-6197374.
2026-01-16 03:34:31,975 [INFO] Finished chr22:6197374-7436848.
2026-01-16 03:34:31,975 [INFO] Finished chr22:7436848-8676323.
2026-01-16 03:34:31,976 [INFO] Finished chr22:8676323-9915798.
2026-01-16 03:34:31,983 [INFO] Finished chr22:13634223-14873697.
2026-01-16 03:34:32,094 [INFO] Finished chr22:12394748-13634223.
2026-01-16 03:34:32,130 [INFO] Finished chr22:9915798-11155273.
2026-01-16 03:34:32,171 [INFO] Finished chr22:14873697-16113172.
2026-01-16 03:34:32,190 [INFO] Finished chr22:11155273-12394748.
2026-01-16 03:34:32,302 [INFO] Finished chr22:17352647-18592122.
2026-01-16 03:34:32,373 [INFO] Finished chr22:18592122-19831597.
2026-01-16 03:34:32,427 [INFO] Finished chr22:19831597-21071072.
2026-01-16 03:34:32,434 [INFO] Finished chr22:16113172-17352647.
2026-01-16 03:34:32,531 [INFO] Finished chr22:21071072-22310546.
2026-01-16 03:34:32,584 [INFO] Finished chr22:22310546-23550021.
2026-01-16 03:34:32,587 [INFO] Finished chr22:23550021-24789496.
2026-01-16 03:34:32,745 [INFO] Finished chr22:24789496-26028971.
2026-01-16 03:34:32,758 [INFO] Finished chr22:28507921-29747395.
2026-01-16 03:34:32,775 [INFO] Finished chr22:26028971-27268446.
2026-01-16 03:34:32,789 [INFO] Finished chr22:27268446-28507921.
2026-01-16 03:34:32,949 [INFO] Finished chr22:30986870-32226345.
2026-01-16 03:34:32,996 [INFO] Finished chr22:33465820-34705295.
2026-01-16 03:34:33,005 [INFO] Finished chr22:32226345-33465820.
2026-01-16 03:34:33,039 [INFO] Finished chr22:29747395-30986870.
2026-01-16 03:34:33,173 [INFO] Finished chr22:35944770-37184244.
2026-01-16 03:34:33,191 [INFO] Finished chr22:37184244-38423719.
2026-01-16 03:34:33,216 [INFO] Finished chr22:34705295-35944770.
2026-01-16 03:34:33,318 [INFO] Finished chr22:38423719-39663194.
2026-01-16 03:34:33,354 [INFO] Finished chr22:40902669-42142144.
2026-01-16 03:34:33,357 [INFO] Finished chr22:39663194-40902669.
2026-01-16 03:34:33,514 [INFO] Finished chr22:42142144-43381619.
2026-01-16 03:34:33,529 [INFO] Finished chr22:44621093-45860568.
2026-01-16 03:34:33,530 [INFO] Finished chr22:45860568-47100043.
2026-01-16 03:34:33,584 [INFO] Finished chr22:43381619-44621093.
2026-01-16 03:34:33,593 [INFO] Finished chr22:50818467-50818468.
2026-01-16 03:34:33,704 [INFO] Finished chr22:48339518-49578993.
2026-01-16 03:34:33,714 [INFO] Finished chr22:49578993-50818467.
2026-01-16 03:34:33,832 [INFO] Finished chr22:47100043-48339518.
2026-01-16 03:34:33,843 [INFO] Rebuilding signatures of structural variants.
2026-01-16 03:34:33,921 [INFO] Rebuilding signatures completed.
2026-01-16 03:34:33,921 [INFO] Clustering structural variants.
2026-01-16 03:34:34,018 [INFO] Finished chr22:INV.
2026-01-16 03:34:34,079 [INFO] Finished chr22:DUP.
2026-01-16 03:34:34,380 [INFO] Finished chr22:DEL.
2026-01-16 03:34:34,581 [INFO] Finished chr22:INS.
2026-01-16 03:34:34,598 [INFO] Writing to your output file.
2026-01-16 03:34:35,364 [INFO] Finished chr22 output.
2026-01-16 03:34:35,377 [INFO] Cleaning temporary files.
2026-01-16 03:34:35,390 [INFO] Finished in 3.44 seconds.
