2026-01-16 03:35:33,326 [INFO] Running /home/giangvm1/miniconda3/envs/pangenome/bin/cuteSV results/alignments/pbmm2_lr/HG02059/chr22.sorted.bam results/backbone/ref_by_chrom/chr22.fa results/called_variants/cutesv/pbmm2_lr/HG02059/chr22.sv.vcf results/called_variants/cutesv/pbmm2_lr/HG02059/chr22_workdir --threads 4 --max_cluster_bias_INS 100 --diff_ratio_merging_INS 0.3 --max_cluster_bias_DEL 100 --diff_ratio_merging_DEL 0.3 --min_support 3 --min_size 50 --max_size 100000 --genotype
2026-01-16 03:35:33,327 [INFO] The total number of chromsomes: 1
2026-01-16 03:35:33,340 [INFO] Finished chr22:1239474-2478949.
2026-01-16 03:35:33,340 [INFO] Finished chr22:0-1239474.
2026-01-16 03:35:33,340 [INFO] Finished chr22:3718424-4957899.
2026-01-16 03:35:33,340 [INFO] Finished chr22:2478949-3718424.
2026-01-16 03:35:33,350 [INFO] Finished chr22:4957899-6197374.
2026-01-16 03:35:33,350 [INFO] Finished chr22:6197374-7436848.
2026-01-16 03:35:33,351 [INFO] Finished chr22:7436848-8676323.
2026-01-16 03:35:33,351 [INFO] Finished chr22:8676323-9915798.
2026-01-16 03:35:33,357 [INFO] Finished chr22:13634223-14873697.
2026-01-16 03:35:33,602 [INFO] Finished chr22:12394748-13634223.
2026-01-16 03:35:33,704 [INFO] Finished chr22:14873697-16113172.
2026-01-16 03:35:33,760 [INFO] Finished chr22:9915798-11155273.
2026-01-16 03:35:33,824 [INFO] Finished chr22:11155273-12394748.
2026-01-16 03:35:33,937 [INFO] Finished chr22:17352647-18592122.
2026-01-16 03:35:34,011 [INFO] Finished chr22:19831597-21071072.
2026-01-16 03:35:34,044 [INFO] Finished chr22:18592122-19831597.
2026-01-16 03:35:34,145 [INFO] Finished chr22:16113172-17352647.
2026-01-16 03:35:34,178 [INFO] Finished chr22:22310546-23550021.
2026-01-16 03:35:34,287 [INFO] Finished chr22:21071072-22310546.
2026-01-16 03:35:34,337 [INFO] Finished chr22:23550021-24789496.
2026-01-16 03:35:34,366 [INFO] Finished chr22:26028971-27268446.
2026-01-16 03:35:34,446 [INFO] Finished chr22:24789496-26028971.
2026-01-16 03:35:34,507 [INFO] Finished chr22:28507921-29747395.
2026-01-16 03:35:34,531 [INFO] Finished chr22:29747395-30986870.
2026-01-16 03:35:34,579 [INFO] Finished chr22:27268446-28507921.
2026-01-16 03:35:34,630 [INFO] Finished chr22:30986870-32226345.
2026-01-16 03:35:34,677 [INFO] Finished chr22:32226345-33465820.
2026-01-16 03:35:34,688 [INFO] Finished chr22:33465820-34705295.
2026-01-16 03:35:34,800 [INFO] Finished chr22:35944770-37184244.
2026-01-16 03:35:34,849 [INFO] Finished chr22:37184244-38423719.
2026-01-16 03:35:34,853 [INFO] Finished chr22:38423719-39663194.
2026-01-16 03:35:34,867 [INFO] Finished chr22:34705295-35944770.
2026-01-16 03:35:34,968 [INFO] Finished chr22:39663194-40902669.
2026-01-16 03:35:34,999 [INFO] Finished chr22:40902669-42142144.
2026-01-16 03:35:35,019 [INFO] Finished chr22:42142144-43381619.
2026-01-16 03:35:35,136 [INFO] Finished chr22:44621093-45860568.
2026-01-16 03:35:35,161 [INFO] Finished chr22:45860568-47100043.
2026-01-16 03:35:35,202 [INFO] Finished chr22:43381619-44621093.
2026-01-16 03:35:35,203 [INFO] Finished chr22:47100043-48339518.
2026-01-16 03:35:35,208 [INFO] Finished chr22:50818467-50818468.
2026-01-16 03:35:35,314 [INFO] Finished chr22:48339518-49578993.
2026-01-16 03:35:35,340 [INFO] Finished chr22:49578993-50818467.
2026-01-16 03:35:35,349 [INFO] Rebuilding signatures of structural variants.
2026-01-16 03:35:35,423 [INFO] Rebuilding signatures completed.
2026-01-16 03:35:35,424 [INFO] Clustering structural variants.
2026-01-16 03:35:35,555 [INFO] Finished chr22:INV.
2026-01-16 03:35:35,559 [INFO] Finished chr22:DUP.
2026-01-16 03:35:35,997 [INFO] Finished chr22:DEL.
2026-01-16 03:35:36,039 [INFO] Finished chr22:INS.
2026-01-16 03:35:36,054 [INFO] Writing to your output file.
2026-01-16 03:35:36,863 [INFO] Finished chr22 output.
2026-01-16 03:35:36,877 [INFO] Cleaning temporary files.
2026-01-16 03:35:36,891 [INFO] Finished in 3.56 seconds.
