2026-01-16 03:39:49,661 [INFO] Running /home/giangvm1/miniconda3/envs/pangenome/bin/cuteSV results/alignments/pbmm2_lr/HG02080/chr22.sorted.bam results/backbone/ref_by_chrom/chr22.fa results/called_variants/cutesv/pbmm2_lr/HG02080/chr22.sv.vcf results/called_variants/cutesv/pbmm2_lr/HG02080/chr22_workdir --threads 4 --max_cluster_bias_INS 100 --diff_ratio_merging_INS 0.3 --max_cluster_bias_DEL 100 --diff_ratio_merging_DEL 0.3 --min_support 3 --min_size 50 --max_size 100000 --genotype
2026-01-16 03:39:49,662 [INFO] The total number of chromsomes: 1
2026-01-16 03:39:49,676 [INFO] Finished chr22:0-1239474.
2026-01-16 03:39:49,677 [INFO] Finished chr22:1239474-2478949.
2026-01-16 03:39:49,677 [INFO] Finished chr22:2478949-3718424.
2026-01-16 03:39:49,677 [INFO] Finished chr22:3718424-4957899.
2026-01-16 03:39:49,687 [INFO] Finished chr22:4957899-6197374.
2026-01-16 03:39:49,688 [INFO] Finished chr22:6197374-7436848.
2026-01-16 03:39:49,688 [INFO] Finished chr22:7436848-8676323.
2026-01-16 03:39:49,688 [INFO] Finished chr22:8676323-9915798.
2026-01-16 03:39:49,693 [INFO] Finished chr22:13634223-14873697.
2026-01-16 03:39:50,347 [INFO] Finished chr22:9915798-11155273.
2026-01-16 03:39:50,377 [INFO] Finished chr22:14873697-16113172.
2026-01-16 03:39:50,556 [INFO] Finished chr22:12394748-13634223.
2026-01-16 03:39:51,232 [INFO] Finished chr22:16113172-17352647.
2026-01-16 03:39:51,647 [INFO] Finished chr22:17352647-18592122.
2026-01-16 03:39:51,794 [INFO] Finished chr22:18592122-19831597.
2026-01-16 03:39:51,806 [INFO] Finished chr22:19831597-21071072.
2026-01-16 03:39:52,030 [INFO] Finished chr22:21071072-22310546.
2026-01-16 03:39:52,213 [INFO] Finished chr22:22310546-23550021.
2026-01-16 03:39:52,354 [INFO] Finished chr22:24789496-26028971.
2026-01-16 03:39:52,397 [INFO] Finished chr22:23550021-24789496.
2026-01-16 03:39:52,567 [INFO] Finished chr22:26028971-27268446.
2026-01-16 03:39:52,670 [INFO] Finished chr22:27268446-28507921.
2026-01-16 03:39:52,872 [INFO] Finished chr22:29747395-30986870.
2026-01-16 03:39:52,936 [INFO] Finished chr22:28507921-29747395.
2026-01-16 03:39:52,964 [INFO] Finished chr22:30986870-32226345.
2026-01-16 03:39:53,202 [INFO] Finished chr22:32226345-33465820.
2026-01-16 03:39:53,307 [INFO] Finished chr22:34705295-35944770.
2026-01-16 03:39:53,517 [INFO] Finished chr22:33465820-34705295.
2026-01-16 03:39:53,531 [INFO] Finished chr22:35944770-37184244.
2026-01-16 03:39:53,611 [INFO] Finished chr22:37184244-38423719.
2026-01-16 03:39:53,824 [INFO] Finished chr22:39663194-40902669.
2026-01-16 03:39:53,896 [INFO] Finished chr22:40902669-42142144.
2026-01-16 03:39:54,072 [INFO] Finished chr22:38423719-39663194.
2026-01-16 03:39:54,146 [INFO] Finished chr22:42142144-43381619.
2026-01-16 03:39:54,234 [INFO] Finished chr22:43381619-44621093.
2026-01-16 03:39:54,489 [INFO] Finished chr22:45860568-47100043.
2026-01-16 03:39:54,555 [INFO] Finished chr22:47100043-48339518.
2026-01-16 03:39:54,643 [INFO] Finished chr22:44621093-45860568.
2026-01-16 03:39:54,651 [INFO] Finished chr22:50818467-50818468.
2026-01-16 03:39:54,851 [INFO] Finished chr22:48339518-49578993.
2026-01-16 03:39:54,875 [INFO] Finished chr22:49578993-50818467.
2026-01-16 03:40:20,632 [INFO] Finished chr22:11155273-12394748.
2026-01-16 03:40:20,678 [INFO] Rebuilding signatures of structural variants.
2026-01-16 03:40:21,069 [INFO] Rebuilding signatures completed.
2026-01-16 03:40:21,070 [INFO] Clustering structural variants.
2026-01-16 03:40:21,473 [INFO] Finished chr22:INV.
2026-01-16 03:40:21,911 [INFO] Finished chr22:DUP.
2026-01-16 03:40:23,160 [INFO] Finished chr22:INS.
2026-01-16 03:40:23,336 [INFO] Finished chr22:DEL.
2026-01-16 03:40:23,361 [INFO] Writing to your output file.
2026-01-16 03:40:24,137 [INFO] Finished chr22 output.
2026-01-16 03:40:24,153 [INFO] Cleaning temporary files.
2026-01-16 03:40:24,179 [INFO] Finished in 34.52 seconds.
