[2026-01-15T20:36:53.076496Z] [0c9abdf8ed9e] [1_1] [WorkflowRunner] Initiating pyFlow run
[2026-01-15T20:36:53.087749Z] [0c9abdf8ed9e] [1_1] [WorkflowRunner] pyFlowClientWorkflowClass: MantaWorkflow
[2026-01-15T20:36:53.087783Z] [0c9abdf8ed9e] [1_1] [WorkflowRunner] pyFlowVersion: 1.1.20
[2026-01-15T20:36:53.087801Z] [0c9abdf8ed9e] [1_1] [WorkflowRunner] pythonVersion: 2.7.15.final.0
[2026-01-15T20:36:53.087906Z] [0c9abdf8ed9e] [1_1] [WorkflowRunner] WorkingDir: '/'
[2026-01-15T20:36:53.087925Z] [0c9abdf8ed9e] [1_1] [WorkflowRunner] ProcessCmdLine: '/manta/runDir/runWorkflow.py -j 8 -g 32'
[2026-01-15T20:36:53.088068Z] [0c9abdf8ed9e] [1_1] [WorkflowRunner] [RunParameters] mode: local
[2026-01-15T20:36:53.088088Z] [0c9abdf8ed9e] [1_1] [WorkflowRunner] [RunParameters] nCores: 8
[2026-01-15T20:36:53.088185Z] [0c9abdf8ed9e] [1_1] [WorkflowRunner] [RunParameters] memMb: 32768
[2026-01-15T20:36:53.088203Z] [0c9abdf8ed9e] [1_1] [WorkflowRunner] [RunParameters] dataDir: /manta/runDir/workspace/pyflow.data
[2026-01-15T20:36:53.088228Z] [0c9abdf8ed9e] [1_1] [WorkflowRunner] [RunParameters] isDryRun: False
[2026-01-15T20:36:53.088247Z] [0c9abdf8ed9e] [1_1] [WorkflowRunner] [RunParameters] isContinue: False
[2026-01-15T20:36:53.088267Z] [0c9abdf8ed9e] [1_1] [WorkflowRunner] [RunParameters] isForceContinue: True
[2026-01-15T20:36:53.088368Z] [0c9abdf8ed9e] [1_1] [WorkflowRunner] [RunParameters] mailTo: ''
[2026-01-15T20:36:53.089383Z] [0c9abdf8ed9e] [1_1] [TaskRunner:masterWorkflow] Starting task specification for master workflow
[2026-01-15T20:36:53.089613Z] [0c9abdf8ed9e] [1_1] [MantaWorkflow] Initiating Manta workflow version: 1.6.0
[2026-01-15T20:36:53.090265Z] [0c9abdf8ed9e] [1_1] [WorkflowRunner] Adding command task 'getAlignmentStats_makeTmpDir' to master workflow
[2026-01-15T20:36:53.091759Z] [0c9abdf8ed9e] [1_1] [WorkflowRunner] Adding command task 'getAlignmentStats_generateStats_000' to master workflow
[2026-01-15T20:36:53.092061Z] [0c9abdf8ed9e] [1_1] [TaskManager] Launching command task: 'getAlignmentStats_makeTmpDir' from master workflow
[2026-01-15T20:36:53.092526Z] [0c9abdf8ed9e] [1_1] [WorkflowRunner] Adding command task 'getAlignmentStats_mergeStats' to master workflow
[2026-01-15T20:36:53.093252Z] [0c9abdf8ed9e] [1_1] [WorkflowRunner] Adding command task 'getAlignmentStats_removeTmpDir' to master workflow
[2026-01-15T20:36:53.094010Z] [0c9abdf8ed9e] [1_1] [WorkflowRunner] Adding command task 'summarizeStats' to master workflow
[2026-01-15T20:36:53.095030Z] [0c9abdf8ed9e] [1_1] [WorkflowRunner] Adding command task 'getChromDepth_makeTmpDir' to master workflow
[2026-01-15T20:36:53.095545Z] [0c9abdf8ed9e] [1_1] [WorkflowRunner] Adding command task 'getChromDepth_sample000_makeTmpDir' to master workflow
[2026-01-15T20:36:53.096632Z] [0c9abdf8ed9e] [1_1] [WorkflowRunner] Adding command task 'getChromDepth_sample000_estimateChromDepth_000_chr22' to master workflow
[2026-01-15T20:36:53.099657Z] [0c9abdf8ed9e] [1_1] [WorkflowRunner] Adding command task 'getChromDepth_sample000_catChromDepth' to master workflow
[2026-01-15T20:36:53.100000Z] [0c9abdf8ed9e] [1_1] [TaskManager] Launching command task: 'getChromDepth_makeTmpDir' from master workflow
[2026-01-15T20:36:53.100704Z] [0c9abdf8ed9e] [1_1] [TaskRunner:getAlignmentStats_makeTmpDir] Task initiated on local node
[2026-01-15T20:36:53.101164Z] [0c9abdf8ed9e] [1_1] [WorkflowRunner] Adding command task 'getChromDepth_mergeChromDepth' to master workflow
[2026-01-15T20:36:53.101654Z] [0c9abdf8ed9e] [1_1] [WorkflowRunner] Adding command task 'getChromDepth_removeTmpDir' to master workflow
[2026-01-15T20:36:53.102906Z] [0c9abdf8ed9e] [1_1] [WorkflowRunner] Adding command task 'makeGraphTmpDir' to master workflow
[2026-01-15T20:36:53.103807Z] [0c9abdf8ed9e] [1_1] [WorkflowRunner] Adding command task 'makeLocusGraph_chromId_000_chr22_0000' to master workflow
[2026-01-15T20:36:53.104562Z] [0c9abdf8ed9e] [1_1] [WorkflowRunner] Adding command task 'makeLocusGraph_chromId_000_chr22_0001' to master workflow
[2026-01-15T20:36:53.105765Z] [0c9abdf8ed9e] [1_1] [WorkflowRunner] Adding command task 'makeLocusGraph_chromId_000_chr22_0002' to master workflow
[2026-01-15T20:36:53.108792Z] [0c9abdf8ed9e] [1_1] [WorkflowRunner] Adding command task 'makeLocusGraph_chromId_000_chr22_0003' to master workflow
[2026-01-15T20:36:53.109153Z] [0c9abdf8ed9e] [1_1] [WorkflowRunner] Adding command task 'makeLocusGraph_chromId_000_chr22_0004' to master workflow
[2026-01-15T20:36:53.110835Z] [0c9abdf8ed9e] [1_1] [WorkflowRunner] Adding sub-workflow task 'mergeLocusGraphInputList' to master workflow
[2026-01-15T20:36:53.111216Z] [0c9abdf8ed9e] [1_1] [TaskRunner:getChromDepth_makeTmpDir] Task initiated on local node
[2026-01-15T20:36:53.111601Z] [0c9abdf8ed9e] [1_1] [WorkflowRunner] Adding command task 'mergeLocusGraph' to master workflow
[2026-01-15T20:36:53.111937Z] [0c9abdf8ed9e] [1_1] [WorkflowRunner] Adding command task 'checkLocusGraph' to master workflow
[2026-01-15T20:36:53.113296Z] [0c9abdf8ed9e] [1_1] [WorkflowRunner] Adding command task 'removeTmpDir' to master workflow
[2026-01-15T20:36:53.113704Z] [0c9abdf8ed9e] [1_1] [WorkflowRunner] Adding command task 'locusGraphStats' to master workflow
[2026-01-15T20:36:53.115040Z] [0c9abdf8ed9e] [1_1] [WorkflowRunner] Adding command task 'makeHyGenDir' to master workflow
[2026-01-15T20:36:53.115696Z] [0c9abdf8ed9e] [1_1] [WorkflowRunner] Adding command task 'generateCandidateSV_0000' to master workflow
[2026-01-15T20:36:53.116055Z] [0c9abdf8ed9e] [1_1] [WorkflowRunner] Adding command task 'fixVcfHeader_sortCandidateSV' to master workflow
[2026-01-15T20:36:53.116474Z] [0c9abdf8ed9e] [1_1] [WorkflowRunner] Adding sub-workflow task 'sortCandidateSVInputList' to master workflow
[2026-01-15T20:36:53.116752Z] [0c9abdf8ed9e] [1_1] [WorkflowRunner] Adding command task 'sort_sortCandidateSV' to master workflow
[2026-01-15T20:36:53.117105Z] [0c9abdf8ed9e] [1_1] [WorkflowRunner] Adding command task 'tabix_sortCandidateSV' to master workflow
[2026-01-15T20:36:53.117525Z] [0c9abdf8ed9e] [1_1] [WorkflowRunner] Adding command task 'fixVcfHeader_sortDiploidSV' to master workflow
[2026-01-15T20:36:53.120509Z] [0c9abdf8ed9e] [1_1] [WorkflowRunner] Adding sub-workflow task 'sortDiploidSVInputList' to master workflow
[2026-01-15T20:36:53.120856Z] [0c9abdf8ed9e] [1_1] [WorkflowRunner] Adding command task 'sort_sortDiploidSV' to master workflow
[2026-01-15T20:36:53.121130Z] [0c9abdf8ed9e] [1_1] [WorkflowRunner] Adding command task 'tabix_sortDiploidSV' to master workflow
[2026-01-15T20:36:53.121436Z] [0c9abdf8ed9e] [1_1] [WorkflowRunner] Adding command task 'extractSmallIndels' to master workflow
[2026-01-15T20:36:53.121926Z] [0c9abdf8ed9e] [1_1] [WorkflowRunner] Adding command task 'extractSmallIndels_tabix' to master workflow
[2026-01-15T20:36:53.123777Z] [0c9abdf8ed9e] [1_1] [WorkflowRunner] Adding sub-workflow task 'sortEdgeRuntimeLogsInputList' to master workflow
[2026-01-15T20:36:53.124131Z] [0c9abdf8ed9e] [1_1] [WorkflowRunner] Adding command task 'sortEdgeRuntimeLogs' to master workflow
[2026-01-15T20:36:53.124301Z] [0c9abdf8ed9e] [1_1] [TaskRunner:masterWorkflow] Finished task specification for master workflow
[2026-01-15T20:36:53.189584Z] [0c9abdf8ed9e] [1_1] [TaskManager] Completed command task: 'getAlignmentStats_makeTmpDir' launched from master workflow
[2026-01-15T20:36:53.189712Z] [0c9abdf8ed9e] [1_1] [TaskManager] Completed command task: 'getChromDepth_makeTmpDir' launched from master workflow
[2026-01-15T20:36:53.190956Z] [0c9abdf8ed9e] [1_1] [TaskManager] Launching command task: 'getAlignmentStats_generateStats_000' from master workflow
[2026-01-15T20:36:53.191495Z] [0c9abdf8ed9e] [1_1] [TaskManager] Launching command task: 'getChromDepth_sample000_makeTmpDir' from master workflow
[2026-01-15T20:36:53.196900Z] [0c9abdf8ed9e] [1_1] [TaskRunner:getAlignmentStats_generateStats_000] Task initiated on local node
[2026-01-15T20:36:53.198624Z] [0c9abdf8ed9e] [1_1] [TaskRunner:getChromDepth_sample000_makeTmpDir] Task initiated on local node
[2026-01-15T20:36:53.307081Z] [0c9abdf8ed9e] [1_1] [TaskManager] Completed command task: 'getChromDepth_sample000_makeTmpDir' launched from master workflow
[2026-01-15T20:36:53.308802Z] [0c9abdf8ed9e] [1_1] [TaskManager] Launching command task: 'getChromDepth_sample000_estimateChromDepth_000_chr22' from master workflow
[2026-01-15T20:36:53.312598Z] [0c9abdf8ed9e] [1_1] [TaskRunner:getChromDepth_sample000_estimateChromDepth_000_chr22] Task initiated on local node
[2026-01-15T20:36:56.930118Z] [0c9abdf8ed9e] [1_1] [TaskManager] Completed command task: 'getChromDepth_sample000_estimateChromDepth_000_chr22' launched from master workflow
[2026-01-15T20:36:56.931666Z] [0c9abdf8ed9e] [1_1] [TaskManager] Launching command task: 'getChromDepth_sample000_catChromDepth' from master workflow
[2026-01-15T20:36:56.935728Z] [0c9abdf8ed9e] [1_1] [TaskRunner:getChromDepth_sample000_catChromDepth] Task initiated on local node
[2026-01-15T20:36:57.046476Z] [0c9abdf8ed9e] [1_1] [TaskManager] Completed command task: 'getChromDepth_sample000_catChromDepth' launched from master workflow
[2026-01-15T20:36:57.047956Z] [0c9abdf8ed9e] [1_1] [TaskManager] Launching command task: 'getChromDepth_mergeChromDepth' from master workflow
[2026-01-15T20:36:57.052160Z] [0c9abdf8ed9e] [1_1] [TaskRunner:getChromDepth_mergeChromDepth] Task initiated on local node
[2026-01-15T20:36:57.162873Z] [0c9abdf8ed9e] [1_1] [TaskManager] Completed command task: 'getChromDepth_mergeChromDepth' launched from master workflow
[2026-01-15T20:36:57.164290Z] [0c9abdf8ed9e] [1_1] [TaskManager] Launching command task: 'getChromDepth_removeTmpDir' from master workflow
[2026-01-15T20:36:57.167799Z] [0c9abdf8ed9e] [1_1] [TaskRunner:getChromDepth_removeTmpDir] Task initiated on local node
[2026-01-15T20:36:57.278966Z] [0c9abdf8ed9e] [1_1] [TaskManager] Completed command task: 'getChromDepth_removeTmpDir' launched from master workflow
[2026-01-15T20:36:58.896465Z] [0c9abdf8ed9e] [1_1] [TaskManager] Completed command task: 'getAlignmentStats_generateStats_000' launched from master workflow
[2026-01-15T20:36:58.898006Z] [0c9abdf8ed9e] [1_1] [TaskManager] Launching command task: 'getAlignmentStats_mergeStats' from master workflow
[2026-01-15T20:36:58.902770Z] [0c9abdf8ed9e] [1_1] [TaskRunner:getAlignmentStats_mergeStats] Task initiated on local node
[2026-01-15T20:36:59.013293Z] [0c9abdf8ed9e] [1_1] [TaskManager] Completed command task: 'getAlignmentStats_mergeStats' launched from master workflow
[2026-01-15T20:36:59.014837Z] [0c9abdf8ed9e] [1_1] [TaskManager] Launching command task: 'makeGraphTmpDir' from master workflow
[2026-01-15T20:36:59.015493Z] [0c9abdf8ed9e] [1_1] [TaskManager] Launching command task: 'getAlignmentStats_removeTmpDir' from master workflow
[2026-01-15T20:36:59.016558Z] [0c9abdf8ed9e] [1_1] [TaskManager] Launching command task: 'summarizeStats' from master workflow
[2026-01-15T20:36:59.022016Z] [0c9abdf8ed9e] [1_1] [TaskRunner:getAlignmentStats_removeTmpDir] Task initiated on local node
[2026-01-15T20:36:59.024925Z] [0c9abdf8ed9e] [1_1] [TaskRunner:makeGraphTmpDir] Task initiated on local node
[2026-01-15T20:36:59.027027Z] [0c9abdf8ed9e] [1_1] [TaskRunner:summarizeStats] Task initiated on local node
[2026-01-15T20:36:59.133005Z] [0c9abdf8ed9e] [1_1] [TaskManager] Completed command task: 'makeGraphTmpDir' launched from master workflow
[2026-01-15T20:36:59.133162Z] [0c9abdf8ed9e] [1_1] [TaskManager] Completed command task: 'getAlignmentStats_removeTmpDir' launched from master workflow
[2026-01-15T20:36:59.133342Z] [0c9abdf8ed9e] [1_1] [TaskManager] Completed command task: 'summarizeStats' launched from master workflow
[2026-01-15T20:36:59.134912Z] [0c9abdf8ed9e] [1_1] [TaskManager] Launching command task: 'makeLocusGraph_chromId_000_chr22_0000' from master workflow
[2026-01-15T20:36:59.135486Z] [0c9abdf8ed9e] [1_1] [TaskManager] Launching command task: 'makeLocusGraph_chromId_000_chr22_0001' from master workflow
[2026-01-15T20:36:59.136509Z] [0c9abdf8ed9e] [1_1] [TaskManager] Launching command task: 'makeLocusGraph_chromId_000_chr22_0003' from master workflow
[2026-01-15T20:36:59.137729Z] [0c9abdf8ed9e] [1_1] [TaskManager] Launching command task: 'makeLocusGraph_chromId_000_chr22_0002' from master workflow
[2026-01-15T20:36:59.139031Z] [0c9abdf8ed9e] [1_1] [TaskManager] Launching command task: 'makeLocusGraph_chromId_000_chr22_0004' from master workflow
[2026-01-15T20:36:59.143058Z] [0c9abdf8ed9e] [1_1] [TaskRunner:makeLocusGraph_chromId_000_chr22_0000] Task initiated on local node
[2026-01-15T20:36:59.147724Z] [0c9abdf8ed9e] [1_1] [TaskRunner:makeLocusGraph_chromId_000_chr22_0001] Task initiated on local node
[2026-01-15T20:36:59.150038Z] [0c9abdf8ed9e] [1_1] [TaskRunner:makeLocusGraph_chromId_000_chr22_0003] Task initiated on local node
[2026-01-15T20:36:59.151700Z] [0c9abdf8ed9e] [1_1] [TaskRunner:makeLocusGraph_chromId_000_chr22_0002] Task initiated on local node
[2026-01-15T20:37:00.007777Z] [0c9abdf8ed9e] [1_1] [TaskManager] Completed command task: 'makeLocusGraph_chromId_000_chr22_0000' launched from master workflow
[2026-01-15T20:37:03.830429Z] [0c9abdf8ed9e] [1_1] [TaskManager] Completed command task: 'makeLocusGraph_chromId_000_chr22_0003' launched from master workflow
[2026-01-15T20:37:04.145953Z] [0c9abdf8ed9e] [1_1] [TaskManager] Completed command task: 'makeLocusGraph_chromId_000_chr22_0001' launched from master workflow
[2026-01-15T20:37:04.763321Z] [0c9abdf8ed9e] [1_1] [TaskRunner:makeLocusGraph_chromId_000_chr22_0004] Task initiated on local node
[2026-01-15T20:37:04.812090Z] [0c9abdf8ed9e] [1_1] [TaskManager] Completed command task: 'makeLocusGraph_chromId_000_chr22_0002' launched from master workflow
[2026-01-15T20:37:05.027144Z] [0c9abdf8ed9e] [1_1] [TaskManager] Completed command task: 'makeLocusGraph_chromId_000_chr22_0004' launched from master workflow
[2026-01-15T20:37:05.028320Z] [0c9abdf8ed9e] [1_1] [TaskManager] Launching sub-workflow task: 'mergeLocusGraphInputList' from master workflow
[2026-01-15T20:37:05.028832Z] [0c9abdf8ed9e] [1_1] [TaskRunner:mergeLocusGraphInputList] Starting task specification for sub-workflow
[2026-01-15T20:37:05.029195Z] [0c9abdf8ed9e] [1_1] [TaskRunner:mergeLocusGraphInputList] Finished task specification for sub-workflow
[2026-01-15T20:37:05.030342Z] [0c9abdf8ed9e] [1_1] [TaskManager] Completed sub-workflow task: 'mergeLocusGraphInputList' launched from master workflow
[2026-01-15T20:37:05.031335Z] [0c9abdf8ed9e] [1_1] [TaskManager] Launching command task: 'mergeLocusGraph' from master workflow
[2026-01-15T20:37:05.035791Z] [0c9abdf8ed9e] [1_1] [TaskRunner:mergeLocusGraph] Task initiated on local node
[2026-01-15T20:37:05.146818Z] [0c9abdf8ed9e] [1_1] [TaskManager] Completed command task: 'mergeLocusGraph' launched from master workflow
[2026-01-15T20:37:05.147920Z] [0c9abdf8ed9e] [1_1] [TaskManager] Launching command task: 'checkLocusGraph' from master workflow
[2026-01-15T20:37:05.148539Z] [0c9abdf8ed9e] [1_1] [TaskManager] Launching command task: 'removeTmpDir' from master workflow
[2026-01-15T20:37:05.149541Z] [0c9abdf8ed9e] [1_1] [TaskManager] Launching command task: 'locusGraphStats' from master workflow
[2026-01-15T20:37:05.155215Z] [0c9abdf8ed9e] [1_1] [TaskRunner:checkLocusGraph] Task initiated on local node
[2026-01-15T20:37:05.157417Z] [0c9abdf8ed9e] [1_1] [TaskRunner:removeTmpDir] Task initiated on local node
[2026-01-15T20:37:05.159209Z] [0c9abdf8ed9e] [1_1] [TaskRunner:locusGraphStats] Task initiated on local node
[2026-01-15T20:37:05.265442Z] [0c9abdf8ed9e] [1_1] [TaskManager] Completed command task: 'checkLocusGraph' launched from master workflow
[2026-01-15T20:37:05.265575Z] [0c9abdf8ed9e] [1_1] [TaskManager] Completed command task: 'removeTmpDir' launched from master workflow
[2026-01-15T20:37:05.265617Z] [0c9abdf8ed9e] [1_1] [TaskManager] Completed command task: 'locusGraphStats' launched from master workflow
[2026-01-15T20:37:05.266229Z] [0c9abdf8ed9e] [1_1] [TaskManager] Launching command task: 'makeHyGenDir' from master workflow
[2026-01-15T20:37:05.271110Z] [0c9abdf8ed9e] [1_1] [TaskRunner:makeHyGenDir] Task initiated on local node
[2026-01-15T20:37:05.381690Z] [0c9abdf8ed9e] [1_1] [TaskManager] Completed command task: 'makeHyGenDir' launched from master workflow
[2026-01-15T20:37:05.382616Z] [0c9abdf8ed9e] [1_1] [TaskManager] Launching command task: 'generateCandidateSV_0000' from master workflow
[2026-01-15T20:37:05.386558Z] [0c9abdf8ed9e] [1_1] [TaskRunner:generateCandidateSV_0000] Task initiated on local node
[2026-01-15T20:37:32.807358Z] [0c9abdf8ed9e] [1_1] [TaskManager] Completed command task: 'generateCandidateSV_0000' launched from master workflow
[2026-01-15T20:37:32.809389Z] [0c9abdf8ed9e] [1_1] [TaskManager] Launching sub-workflow task: 'sortEdgeRuntimeLogsInputList' from master workflow
[2026-01-15T20:37:32.809861Z] [0c9abdf8ed9e] [1_1] [TaskRunner:sortEdgeRuntimeLogsInputList] Starting task specification for sub-workflow
[2026-01-15T20:37:32.810493Z] [0c9abdf8ed9e] [1_1] [TaskManager] Launching command task: 'fixVcfHeader_sortCandidateSV' from master workflow
[2026-01-15T20:37:32.811009Z] [0c9abdf8ed9e] [1_1] [TaskRunner:sortEdgeRuntimeLogsInputList] Finished task specification for sub-workflow
[2026-01-15T20:37:32.811841Z] [0c9abdf8ed9e] [1_1] [TaskManager] Launching command task: 'fixVcfHeader_sortDiploidSV' from master workflow
[2026-01-15T20:37:32.813210Z] [0c9abdf8ed9e] [1_1] [TaskManager] Completed sub-workflow task: 'sortEdgeRuntimeLogsInputList' launched from master workflow
[2026-01-15T20:37:32.816459Z] [0c9abdf8ed9e] [1_1] [TaskManager] Launching command task: 'sortEdgeRuntimeLogs' from master workflow
[2026-01-15T20:37:32.818197Z] [0c9abdf8ed9e] [1_1] [TaskRunner:fixVcfHeader_sortCandidateSV] Task initiated on local node
[2026-01-15T20:37:32.822994Z] [0c9abdf8ed9e] [1_1] [TaskRunner:fixVcfHeader_sortDiploidSV] Task initiated on local node
[2026-01-15T20:37:32.824880Z] [0c9abdf8ed9e] [1_1] [TaskRunner:sortEdgeRuntimeLogs] Task initiated on local node
[2026-01-15T20:37:32.934154Z] [0c9abdf8ed9e] [1_1] [TaskManager] Completed command task: 'sortEdgeRuntimeLogs' launched from master workflow
[2026-01-15T20:37:32.934302Z] [0c9abdf8ed9e] [1_1] [TaskManager] Completed command task: 'fixVcfHeader_sortDiploidSV' launched from master workflow
[2026-01-15T20:37:32.934490Z] [0c9abdf8ed9e] [1_1] [TaskManager] Completed command task: 'fixVcfHeader_sortCandidateSV' launched from master workflow
[2026-01-15T20:37:32.935244Z] [0c9abdf8ed9e] [1_1] [TaskManager] Launching sub-workflow task: 'sortDiploidSVInputList' from master workflow
[2026-01-15T20:37:32.935624Z] [0c9abdf8ed9e] [1_1] [TaskRunner:sortDiploidSVInputList] Starting task specification for sub-workflow
[2026-01-15T20:37:32.936042Z] [0c9abdf8ed9e] [1_1] [TaskManager] Launching sub-workflow task: 'sortCandidateSVInputList' from master workflow
[2026-01-15T20:37:32.936452Z] [0c9abdf8ed9e] [1_1] [TaskRunner:sortCandidateSVInputList] Starting task specification for sub-workflow
[2026-01-15T20:37:32.936913Z] [0c9abdf8ed9e] [1_1] [TaskRunner:sortDiploidSVInputList] Finished task specification for sub-workflow
[2026-01-15T20:37:32.937325Z] [0c9abdf8ed9e] [1_1] [TaskRunner:sortCandidateSVInputList] Finished task specification for sub-workflow
[2026-01-15T20:37:32.938817Z] [0c9abdf8ed9e] [1_1] [TaskManager] Completed sub-workflow task: 'sortDiploidSVInputList' launched from master workflow
[2026-01-15T20:37:32.938943Z] [0c9abdf8ed9e] [1_1] [TaskManager] Completed sub-workflow task: 'sortCandidateSVInputList' launched from master workflow
[2026-01-15T20:37:32.939575Z] [0c9abdf8ed9e] [1_1] [TaskManager] Launching command task: 'sort_sortDiploidSV' from master workflow
[2026-01-15T20:37:32.940222Z] [0c9abdf8ed9e] [1_1] [TaskManager] Launching command task: 'sort_sortCandidateSV' from master workflow
[2026-01-15T20:37:32.945565Z] [0c9abdf8ed9e] [1_1] [TaskRunner:sort_sortDiploidSV] Task initiated on local node
[2026-01-15T20:37:32.947196Z] [0c9abdf8ed9e] [1_1] [TaskRunner:sort_sortCandidateSV] Task initiated on local node
[2026-01-15T20:37:33.156342Z] [0c9abdf8ed9e] [1_1] [TaskManager] Completed command task: 'sort_sortDiploidSV' launched from master workflow
[2026-01-15T20:37:33.156503Z] [0c9abdf8ed9e] [1_1] [TaskManager] Completed command task: 'sort_sortCandidateSV' launched from master workflow
[2026-01-15T20:37:33.157472Z] [0c9abdf8ed9e] [1_1] [TaskManager] Launching command task: 'extractSmallIndels' from master workflow
[2026-01-15T20:37:33.158257Z] [0c9abdf8ed9e] [1_1] [TaskManager] Launching command task: 'tabix_sortDiploidSV' from master workflow
[2026-01-15T20:37:33.159188Z] [0c9abdf8ed9e] [1_1] [TaskManager] Launching command task: 'tabix_sortCandidateSV' from master workflow
[2026-01-15T20:37:33.165664Z] [0c9abdf8ed9e] [1_1] [TaskRunner:extractSmallIndels] Task initiated on local node
[2026-01-15T20:37:33.167954Z] [0c9abdf8ed9e] [1_1] [TaskRunner:tabix_sortDiploidSV] Task initiated on local node
[2026-01-15T20:37:33.169560Z] [0c9abdf8ed9e] [1_1] [TaskRunner:tabix_sortCandidateSV] Task initiated on local node
[2026-01-15T20:37:33.276304Z] [0c9abdf8ed9e] [1_1] [TaskManager] Completed command task: 'tabix_sortDiploidSV' launched from master workflow
[2026-01-15T20:37:33.276463Z] [0c9abdf8ed9e] [1_1] [TaskManager] Completed command task: 'tabix_sortCandidateSV' launched from master workflow
[2026-01-15T20:37:33.280647Z] [0c9abdf8ed9e] [1_1] [TaskManager] Completed command task: 'extractSmallIndels' launched from master workflow
[2026-01-15T20:37:33.281276Z] [0c9abdf8ed9e] [1_1] [TaskManager] Launching command task: 'extractSmallIndels_tabix' from master workflow
[2026-01-15T20:37:33.286048Z] [0c9abdf8ed9e] [1_1] [TaskRunner:extractSmallIndels_tabix] Task initiated on local node
[2026-01-15T20:37:33.397353Z] [0c9abdf8ed9e] [1_1] [TaskManager] Completed command task: 'extractSmallIndels_tabix' launched from master workflow
[2026-01-15T20:37:41.258441Z] [0c9abdf8ed9e] [1_1] [WorkflowRunner] Manta workflow successfully completed.
[2026-01-15T20:37:41.258441Z] [0c9abdf8ed9e] [1_1] [WorkflowRunner] 
[2026-01-15T20:37:41.258441Z] [0c9abdf8ed9e] [1_1] [WorkflowRunner] 	workflow version: 1.6.0
[2026-01-15T20:37:41.258574Z] [0c9abdf8ed9e] [1_1] [WorkflowRunner] 
[2026-01-15T20:37:41.258597Z] [0c9abdf8ed9e] [1_1] [WorkflowRunner] Workflow successfully completed all tasks
[2026-01-15T20:37:41.258616Z] [0c9abdf8ed9e] [1_1] [WorkflowRunner] Elapsed time for full workflow: 48 sec
