[2026-01-15T20:38:52.103709Z] [0bd3079af577] [1_1] [WorkflowRunner] Initiating pyFlow run
[2026-01-15T20:38:52.107420Z] [0bd3079af577] [1_1] [WorkflowRunner] pyFlowClientWorkflowClass: MantaWorkflow
[2026-01-15T20:38:52.107449Z] [0bd3079af577] [1_1] [WorkflowRunner] pyFlowVersion: 1.1.20
[2026-01-15T20:38:52.107466Z] [0bd3079af577] [1_1] [WorkflowRunner] pythonVersion: 2.7.15.final.0
[2026-01-15T20:38:52.107481Z] [0bd3079af577] [1_1] [WorkflowRunner] WorkingDir: '/'
[2026-01-15T20:38:52.107497Z] [0bd3079af577] [1_1] [WorkflowRunner] ProcessCmdLine: '/manta/runDir/runWorkflow.py -j 8 -g 32'
[2026-01-15T20:38:52.107512Z] [0bd3079af577] [1_1] [WorkflowRunner] [RunParameters] mode: local
[2026-01-15T20:38:52.107633Z] [0bd3079af577] [1_1] [WorkflowRunner] [RunParameters] nCores: 8
[2026-01-15T20:38:52.107648Z] [0bd3079af577] [1_1] [WorkflowRunner] [RunParameters] memMb: 32768
[2026-01-15T20:38:52.107663Z] [0bd3079af577] [1_1] [WorkflowRunner] [RunParameters] dataDir: /manta/runDir/workspace/pyflow.data
[2026-01-15T20:38:52.107679Z] [0bd3079af577] [1_1] [WorkflowRunner] [RunParameters] isDryRun: False
[2026-01-15T20:38:52.107694Z] [0bd3079af577] [1_1] [WorkflowRunner] [RunParameters] isContinue: False
[2026-01-15T20:38:52.107709Z] [0bd3079af577] [1_1] [WorkflowRunner] [RunParameters] isForceContinue: True
[2026-01-15T20:38:52.107726Z] [0bd3079af577] [1_1] [WorkflowRunner] [RunParameters] mailTo: ''
[2026-01-15T20:38:52.108879Z] [0bd3079af577] [1_1] [TaskRunner:masterWorkflow] Starting task specification for master workflow
[2026-01-15T20:38:52.109210Z] [0bd3079af577] [1_1] [MantaWorkflow] Initiating Manta workflow version: 1.6.0
[2026-01-15T20:38:52.109972Z] [0bd3079af577] [1_1] [WorkflowRunner] Adding command task 'getAlignmentStats_makeTmpDir' to master workflow
[2026-01-15T20:38:52.111863Z] [0bd3079af577] [1_1] [WorkflowRunner] Adding command task 'getAlignmentStats_generateStats_000' to master workflow
[2026-01-15T20:38:52.112489Z] [0bd3079af577] [1_1] [TaskManager] Launching command task: 'getAlignmentStats_makeTmpDir' from master workflow
[2026-01-15T20:38:52.112839Z] [0bd3079af577] [1_1] [WorkflowRunner] Adding command task 'getAlignmentStats_mergeStats' to master workflow
[2026-01-15T20:38:52.114119Z] [0bd3079af577] [1_1] [WorkflowRunner] Adding command task 'getAlignmentStats_removeTmpDir' to master workflow
[2026-01-15T20:38:52.114928Z] [0bd3079af577] [1_1] [WorkflowRunner] Adding command task 'summarizeStats' to master workflow
[2026-01-15T20:38:52.115479Z] [0bd3079af577] [1_1] [WorkflowRunner] Adding command task 'getChromDepth_makeTmpDir' to master workflow
[2026-01-15T20:38:52.116185Z] [0bd3079af577] [1_1] [WorkflowRunner] Adding command task 'getChromDepth_sample000_makeTmpDir' to master workflow
[2026-01-15T20:38:52.117481Z] [0bd3079af577] [1_1] [TaskManager] Launching command task: 'getChromDepth_makeTmpDir' from master workflow
[2026-01-15T20:38:52.120415Z] [0bd3079af577] [1_1] [WorkflowRunner] Adding command task 'getChromDepth_sample000_estimateChromDepth_000_chr22' to master workflow
[2026-01-15T20:38:52.121552Z] [0bd3079af577] [1_1] [TaskRunner:getAlignmentStats_makeTmpDir] Task initiated on local node
[2026-01-15T20:38:52.122595Z] [0bd3079af577] [1_1] [WorkflowRunner] Adding command task 'getChromDepth_sample000_catChromDepth' to master workflow
[2026-01-15T20:38:52.123390Z] [0bd3079af577] [1_1] [WorkflowRunner] Adding command task 'getChromDepth_mergeChromDepth' to master workflow
[2026-01-15T20:38:52.124438Z] [0bd3079af577] [1_1] [WorkflowRunner] Adding command task 'getChromDepth_removeTmpDir' to master workflow
[2026-01-15T20:38:52.124951Z] [0bd3079af577] [1_1] [WorkflowRunner] Adding command task 'makeGraphTmpDir' to master workflow
[2026-01-15T20:38:52.126786Z] [0bd3079af577] [1_1] [WorkflowRunner] Adding command task 'makeLocusGraph_chromId_000_chr22_0000' to master workflow
[2026-01-15T20:38:52.129557Z] [0bd3079af577] [1_1] [WorkflowRunner] Adding command task 'makeLocusGraph_chromId_000_chr22_0001' to master workflow
[2026-01-15T20:38:52.130773Z] [0bd3079af577] [1_1] [TaskRunner:getChromDepth_makeTmpDir] Task initiated on local node
[2026-01-15T20:38:52.131273Z] [0bd3079af577] [1_1] [WorkflowRunner] Adding command task 'makeLocusGraph_chromId_000_chr22_0002' to master workflow
[2026-01-15T20:38:52.131652Z] [0bd3079af577] [1_1] [WorkflowRunner] Adding command task 'makeLocusGraph_chromId_000_chr22_0003' to master workflow
[2026-01-15T20:38:52.131972Z] [0bd3079af577] [1_1] [WorkflowRunner] Adding command task 'makeLocusGraph_chromId_000_chr22_0004' to master workflow
[2026-01-15T20:38:52.132561Z] [0bd3079af577] [1_1] [WorkflowRunner] Adding sub-workflow task 'mergeLocusGraphInputList' to master workflow
[2026-01-15T20:38:52.133063Z] [0bd3079af577] [1_1] [WorkflowRunner] Adding command task 'mergeLocusGraph' to master workflow
[2026-01-15T20:38:52.134364Z] [0bd3079af577] [1_1] [WorkflowRunner] Adding command task 'checkLocusGraph' to master workflow
[2026-01-15T20:38:52.134765Z] [0bd3079af577] [1_1] [WorkflowRunner] Adding command task 'removeTmpDir' to master workflow
[2026-01-15T20:38:52.136146Z] [0bd3079af577] [1_1] [WorkflowRunner] Adding command task 'locusGraphStats' to master workflow
[2026-01-15T20:38:52.136445Z] [0bd3079af577] [1_1] [WorkflowRunner] Adding command task 'makeHyGenDir' to master workflow
[2026-01-15T20:38:52.136908Z] [0bd3079af577] [1_1] [WorkflowRunner] Adding command task 'generateCandidateSV_0000' to master workflow
[2026-01-15T20:38:52.137438Z] [0bd3079af577] [1_1] [WorkflowRunner] Adding command task 'fixVcfHeader_sortCandidateSV' to master workflow
[2026-01-15T20:38:52.138905Z] [0bd3079af577] [1_1] [WorkflowRunner] Adding sub-workflow task 'sortCandidateSVInputList' to master workflow
[2026-01-15T20:38:52.139187Z] [0bd3079af577] [1_1] [WorkflowRunner] Adding command task 'sort_sortCandidateSV' to master workflow
[2026-01-15T20:38:52.139451Z] [0bd3079af577] [1_1] [WorkflowRunner] Adding command task 'tabix_sortCandidateSV' to master workflow
[2026-01-15T20:38:52.139784Z] [0bd3079af577] [1_1] [WorkflowRunner] Adding command task 'fixVcfHeader_sortDiploidSV' to master workflow
[2026-01-15T20:38:52.140319Z] [0bd3079af577] [1_1] [WorkflowRunner] Adding sub-workflow task 'sortDiploidSVInputList' to master workflow
[2026-01-15T20:38:52.142407Z] [0bd3079af577] [1_1] [WorkflowRunner] Adding command task 'sort_sortDiploidSV' to master workflow
[2026-01-15T20:38:52.142841Z] [0bd3079af577] [1_1] [WorkflowRunner] Adding command task 'tabix_sortDiploidSV' to master workflow
[2026-01-15T20:38:52.144450Z] [0bd3079af577] [1_1] [WorkflowRunner] Adding command task 'extractSmallIndels' to master workflow
[2026-01-15T20:38:52.145098Z] [0bd3079af577] [1_1] [WorkflowRunner] Adding command task 'extractSmallIndels_tabix' to master workflow
[2026-01-15T20:38:52.148130Z] [0bd3079af577] [1_1] [WorkflowRunner] Adding sub-workflow task 'sortEdgeRuntimeLogsInputList' to master workflow
[2026-01-15T20:38:52.148494Z] [0bd3079af577] [1_1] [WorkflowRunner] Adding command task 'sortEdgeRuntimeLogs' to master workflow
[2026-01-15T20:38:52.148675Z] [0bd3079af577] [1_1] [TaskRunner:masterWorkflow] Finished task specification for master workflow
[2026-01-15T20:38:52.213853Z] [0bd3079af577] [1_1] [TaskManager] Completed command task: 'getAlignmentStats_makeTmpDir' launched from master workflow
[2026-01-15T20:38:52.213993Z] [0bd3079af577] [1_1] [TaskManager] Completed command task: 'getChromDepth_makeTmpDir' launched from master workflow
[2026-01-15T20:38:52.215588Z] [0bd3079af577] [1_1] [TaskManager] Launching command task: 'getAlignmentStats_generateStats_000' from master workflow
[2026-01-15T20:38:52.216128Z] [0bd3079af577] [1_1] [TaskManager] Launching command task: 'getChromDepth_sample000_makeTmpDir' from master workflow
[2026-01-15T20:38:52.221438Z] [0bd3079af577] [1_1] [TaskRunner:getAlignmentStats_generateStats_000] Task initiated on local node
[2026-01-15T20:38:52.222770Z] [0bd3079af577] [1_1] [TaskRunner:getChromDepth_sample000_makeTmpDir] Task initiated on local node
[2026-01-15T20:38:52.331351Z] [0bd3079af577] [1_1] [TaskManager] Completed command task: 'getChromDepth_sample000_makeTmpDir' launched from master workflow
[2026-01-15T20:38:52.332914Z] [0bd3079af577] [1_1] [TaskManager] Launching command task: 'getChromDepth_sample000_estimateChromDepth_000_chr22' from master workflow
[2026-01-15T20:38:52.337484Z] [0bd3079af577] [1_1] [TaskRunner:getChromDepth_sample000_estimateChromDepth_000_chr22] Task initiated on local node
[2026-01-15T20:38:54.804122Z] [0bd3079af577] [1_1] [TaskManager] Completed command task: 'getAlignmentStats_generateStats_000' launched from master workflow
[2026-01-15T20:38:54.805840Z] [0bd3079af577] [1_1] [TaskManager] Launching command task: 'getAlignmentStats_mergeStats' from master workflow
[2026-01-15T20:38:54.811494Z] [0bd3079af577] [1_1] [TaskRunner:getAlignmentStats_mergeStats] Task initiated on local node
[2026-01-15T20:38:54.922777Z] [0bd3079af577] [1_1] [TaskManager] Completed command task: 'getAlignmentStats_mergeStats' launched from master workflow
[2026-01-15T20:38:54.924427Z] [0bd3079af577] [1_1] [TaskManager] Launching command task: 'summarizeStats' from master workflow
[2026-01-15T20:38:54.925205Z] [0bd3079af577] [1_1] [TaskManager] Launching command task: 'getAlignmentStats_removeTmpDir' from master workflow
[2026-01-15T20:38:54.930689Z] [0bd3079af577] [1_1] [TaskRunner:summarizeStats] Task initiated on local node
[2026-01-15T20:38:54.932336Z] [0bd3079af577] [1_1] [TaskRunner:getAlignmentStats_removeTmpDir] Task initiated on local node
[2026-01-15T20:38:55.041706Z] [0bd3079af577] [1_1] [TaskManager] Completed command task: 'summarizeStats' launched from master workflow
[2026-01-15T20:38:55.041856Z] [0bd3079af577] [1_1] [TaskManager] Completed command task: 'getAlignmentStats_removeTmpDir' launched from master workflow
[2026-01-15T20:38:55.558464Z] [0bd3079af577] [1_1] [TaskManager] Completed command task: 'getChromDepth_sample000_estimateChromDepth_000_chr22' launched from master workflow
[2026-01-15T20:38:55.559966Z] [0bd3079af577] [1_1] [TaskManager] Launching command task: 'getChromDepth_sample000_catChromDepth' from master workflow
[2026-01-15T20:38:55.564655Z] [0bd3079af577] [1_1] [TaskRunner:getChromDepth_sample000_catChromDepth] Task initiated on local node
[2026-01-15T20:38:55.675254Z] [0bd3079af577] [1_1] [TaskManager] Completed command task: 'getChromDepth_sample000_catChromDepth' launched from master workflow
[2026-01-15T20:38:55.676902Z] [0bd3079af577] [1_1] [TaskManager] Launching command task: 'getChromDepth_mergeChromDepth' from master workflow
[2026-01-15T20:38:55.681315Z] [0bd3079af577] [1_1] [TaskRunner:getChromDepth_mergeChromDepth] Task initiated on local node
[2026-01-15T20:38:55.841879Z] [0bd3079af577] [1_1] [TaskManager] Completed command task: 'getChromDepth_mergeChromDepth' launched from master workflow
[2026-01-15T20:38:55.843341Z] [0bd3079af577] [1_1] [TaskManager] Launching command task: 'getChromDepth_removeTmpDir' from master workflow
[2026-01-15T20:38:55.844146Z] [0bd3079af577] [1_1] [TaskManager] Launching command task: 'makeGraphTmpDir' from master workflow
[2026-01-15T20:38:55.851522Z] [0bd3079af577] [1_1] [TaskRunner:getChromDepth_removeTmpDir] Task initiated on local node
[2026-01-15T20:38:55.853335Z] [0bd3079af577] [1_1] [TaskRunner:makeGraphTmpDir] Task initiated on local node
[2026-01-15T20:38:55.962562Z] [0bd3079af577] [1_1] [TaskManager] Completed command task: 'getChromDepth_removeTmpDir' launched from master workflow
[2026-01-15T20:38:55.962712Z] [0bd3079af577] [1_1] [TaskManager] Completed command task: 'makeGraphTmpDir' launched from master workflow
[2026-01-15T20:38:55.964040Z] [0bd3079af577] [1_1] [TaskManager] Launching command task: 'makeLocusGraph_chromId_000_chr22_0003' from master workflow
[2026-01-15T20:38:55.966004Z] [0bd3079af577] [1_1] [TaskManager] Launching command task: 'makeLocusGraph_chromId_000_chr22_0000' from master workflow
[2026-01-15T20:38:55.967537Z] [0bd3079af577] [1_1] [TaskManager] Launching command task: 'makeLocusGraph_chromId_000_chr22_0001' from master workflow
[2026-01-15T20:38:55.968998Z] [0bd3079af577] [1_1] [TaskManager] Launching command task: 'makeLocusGraph_chromId_000_chr22_0002' from master workflow
[2026-01-15T20:38:55.970239Z] [0bd3079af577] [1_1] [TaskManager] Launching command task: 'makeLocusGraph_chromId_000_chr22_0004' from master workflow
[2026-01-15T20:38:55.975012Z] [0bd3079af577] [1_1] [TaskRunner:makeLocusGraph_chromId_000_chr22_0003] Task initiated on local node
[2026-01-15T20:38:55.981699Z] [0bd3079af577] [1_1] [TaskRunner:makeLocusGraph_chromId_000_chr22_0000] Task initiated on local node
[2026-01-15T20:38:55.984895Z] [0bd3079af577] [1_1] [TaskRunner:makeLocusGraph_chromId_000_chr22_0001] Task initiated on local node
[2026-01-15T20:38:55.987423Z] [0bd3079af577] [1_1] [TaskRunner:makeLocusGraph_chromId_000_chr22_0002] Task initiated on local node
[2026-01-15T20:38:55.989354Z] [0bd3079af577] [1_1] [TaskRunner:makeLocusGraph_chromId_000_chr22_0004] Task initiated on local node
[2026-01-15T20:38:56.792600Z] [0bd3079af577] [1_1] [TaskManager] Completed command task: 'makeLocusGraph_chromId_000_chr22_0000' launched from master workflow
[2026-01-15T20:39:00.567654Z] [0bd3079af577] [1_1] [TaskManager] Completed command task: 'makeLocusGraph_chromId_000_chr22_0001' launched from master workflow
[2026-01-15T20:39:00.933322Z] [0bd3079af577] [1_1] [TaskManager] Completed command task: 'makeLocusGraph_chromId_000_chr22_0002' launched from master workflow
[2026-01-15T20:39:01.048123Z] [0bd3079af577] [1_1] [TaskManager] Completed command task: 'makeLocusGraph_chromId_000_chr22_0003' launched from master workflow
[2026-01-15T20:39:01.213591Z] [0bd3079af577] [1_1] [TaskManager] Completed command task: 'makeLocusGraph_chromId_000_chr22_0004' launched from master workflow
[2026-01-15T20:39:01.214761Z] [0bd3079af577] [1_1] [TaskManager] Launching sub-workflow task: 'mergeLocusGraphInputList' from master workflow
[2026-01-15T20:39:01.215280Z] [0bd3079af577] [1_1] [TaskRunner:mergeLocusGraphInputList] Starting task specification for sub-workflow
[2026-01-15T20:39:01.215759Z] [0bd3079af577] [1_1] [TaskRunner:mergeLocusGraphInputList] Finished task specification for sub-workflow
[2026-01-15T20:39:01.216823Z] [0bd3079af577] [1_1] [TaskManager] Completed sub-workflow task: 'mergeLocusGraphInputList' launched from master workflow
[2026-01-15T20:39:01.217793Z] [0bd3079af577] [1_1] [TaskManager] Launching command task: 'mergeLocusGraph' from master workflow
[2026-01-15T20:39:01.223134Z] [0bd3079af577] [1_1] [TaskRunner:mergeLocusGraph] Task initiated on local node
[2026-01-15T20:39:01.333647Z] [0bd3079af577] [1_1] [TaskManager] Completed command task: 'mergeLocusGraph' launched from master workflow
[2026-01-15T20:39:01.334690Z] [0bd3079af577] [1_1] [TaskManager] Launching command task: 'removeTmpDir' from master workflow
[2026-01-15T20:39:01.335305Z] [0bd3079af577] [1_1] [TaskManager] Launching command task: 'checkLocusGraph' from master workflow
[2026-01-15T20:39:01.336183Z] [0bd3079af577] [1_1] [TaskManager] Launching command task: 'locusGraphStats' from master workflow
[2026-01-15T20:39:01.343094Z] [0bd3079af577] [1_1] [TaskRunner:removeTmpDir] Task initiated on local node
[2026-01-15T20:39:01.345808Z] [0bd3079af577] [1_1] [TaskRunner:checkLocusGraph] Task initiated on local node
[2026-01-15T20:39:01.347775Z] [0bd3079af577] [1_1] [TaskRunner:locusGraphStats] Task initiated on local node
[2026-01-15T20:39:01.455253Z] [0bd3079af577] [1_1] [TaskManager] Completed command task: 'removeTmpDir' launched from master workflow
[2026-01-15T20:39:01.455400Z] [0bd3079af577] [1_1] [TaskManager] Completed command task: 'checkLocusGraph' launched from master workflow
[2026-01-15T20:39:01.455616Z] [0bd3079af577] [1_1] [TaskManager] Completed command task: 'locusGraphStats' launched from master workflow
[2026-01-15T20:39:01.456632Z] [0bd3079af577] [1_1] [TaskManager] Launching command task: 'makeHyGenDir' from master workflow
[2026-01-15T20:39:01.461280Z] [0bd3079af577] [1_1] [TaskRunner:makeHyGenDir] Task initiated on local node
[2026-01-15T20:39:01.572362Z] [0bd3079af577] [1_1] [TaskManager] Completed command task: 'makeHyGenDir' launched from master workflow
[2026-01-15T20:39:01.573954Z] [0bd3079af577] [1_1] [TaskManager] Launching command task: 'generateCandidateSV_0000' from master workflow
[2026-01-15T20:39:01.578887Z] [0bd3079af577] [1_1] [TaskRunner:generateCandidateSV_0000] Task initiated on local node
[2026-01-15T20:39:24.499431Z] [0bd3079af577] [1_1] [TaskManager] Completed command task: 'generateCandidateSV_0000' launched from master workflow
[2026-01-15T20:39:24.501249Z] [0bd3079af577] [1_1] [TaskManager] Launching sub-workflow task: 'sortEdgeRuntimeLogsInputList' from master workflow
[2026-01-15T20:39:24.501748Z] [0bd3079af577] [1_1] [TaskRunner:sortEdgeRuntimeLogsInputList] Starting task specification for sub-workflow
[2026-01-15T20:39:24.502459Z] [0bd3079af577] [1_1] [TaskManager] Launching command task: 'fixVcfHeader_sortCandidateSV' from master workflow
[2026-01-15T20:39:24.502761Z] [0bd3079af577] [1_1] [TaskRunner:sortEdgeRuntimeLogsInputList] Finished task specification for sub-workflow
[2026-01-15T20:39:24.503539Z] [0bd3079af577] [1_1] [TaskManager] Launching command task: 'fixVcfHeader_sortDiploidSV' from master workflow
[2026-01-15T20:39:24.504884Z] [0bd3079af577] [1_1] [TaskManager] Completed sub-workflow task: 'sortEdgeRuntimeLogsInputList' launched from master workflow
[2026-01-15T20:39:24.506219Z] [0bd3079af577] [1_1] [TaskManager] Launching command task: 'sortEdgeRuntimeLogs' from master workflow
[2026-01-15T20:39:24.512068Z] [0bd3079af577] [1_1] [TaskRunner:fixVcfHeader_sortCandidateSV] Task initiated on local node
[2026-01-15T20:39:24.515219Z] [0bd3079af577] [1_1] [TaskRunner:fixVcfHeader_sortDiploidSV] Task initiated on local node
[2026-01-15T20:39:24.517102Z] [0bd3079af577] [1_1] [TaskRunner:sortEdgeRuntimeLogs] Task initiated on local node
[2026-01-15T20:39:24.623276Z] [0bd3079af577] [1_1] [TaskManager] Completed command task: 'sortEdgeRuntimeLogs' launched from master workflow
[2026-01-15T20:39:24.623423Z] [0bd3079af577] [1_1] [TaskManager] Completed command task: 'fixVcfHeader_sortDiploidSV' launched from master workflow
[2026-01-15T20:39:24.623616Z] [0bd3079af577] [1_1] [TaskManager] Completed command task: 'fixVcfHeader_sortCandidateSV' launched from master workflow
[2026-01-15T20:39:24.624296Z] [0bd3079af577] [1_1] [TaskManager] Launching sub-workflow task: 'sortDiploidSVInputList' from master workflow
[2026-01-15T20:39:24.624677Z] [0bd3079af577] [1_1] [TaskRunner:sortDiploidSVInputList] Starting task specification for sub-workflow
[2026-01-15T20:39:24.625164Z] [0bd3079af577] [1_1] [TaskManager] Launching sub-workflow task: 'sortCandidateSVInputList' from master workflow
[2026-01-15T20:39:24.625591Z] [0bd3079af577] [1_1] [TaskRunner:sortCandidateSVInputList] Starting task specification for sub-workflow
[2026-01-15T20:39:24.625877Z] [0bd3079af577] [1_1] [TaskRunner:sortDiploidSVInputList] Finished task specification for sub-workflow
[2026-01-15T20:39:24.626236Z] [0bd3079af577] [1_1] [TaskRunner:sortCandidateSVInputList] Finished task specification for sub-workflow
[2026-01-15T20:39:24.627524Z] [0bd3079af577] [1_1] [TaskManager] Completed sub-workflow task: 'sortDiploidSVInputList' launched from master workflow
[2026-01-15T20:39:24.627633Z] [0bd3079af577] [1_1] [TaskManager] Completed sub-workflow task: 'sortCandidateSVInputList' launched from master workflow
[2026-01-15T20:39:24.628256Z] [0bd3079af577] [1_1] [TaskManager] Launching command task: 'sort_sortDiploidSV' from master workflow
[2026-01-15T20:39:24.629041Z] [0bd3079af577] [1_1] [TaskManager] Launching command task: 'sort_sortCandidateSV' from master workflow
[2026-01-15T20:39:24.634160Z] [0bd3079af577] [1_1] [TaskRunner:sort_sortDiploidSV] Task initiated on local node
[2026-01-15T20:39:24.635371Z] [0bd3079af577] [1_1] [TaskRunner:sort_sortCandidateSV] Task initiated on local node
[2026-01-15T20:39:24.795460Z] [0bd3079af577] [1_1] [TaskManager] Completed command task: 'sort_sortDiploidSV' launched from master workflow
[2026-01-15T20:39:24.796192Z] [0bd3079af577] [1_1] [TaskManager] Launching command task: 'tabix_sortDiploidSV' from master workflow
[2026-01-15T20:39:24.800658Z] [0bd3079af577] [1_1] [TaskRunner:tabix_sortDiploidSV] Task initiated on local node
[2026-01-15T20:39:24.861379Z] [0bd3079af577] [1_1] [TaskManager] Completed command task: 'sort_sortCandidateSV' launched from master workflow
[2026-01-15T20:39:24.862138Z] [0bd3079af577] [1_1] [TaskManager] Launching command task: 'extractSmallIndels' from master workflow
[2026-01-15T20:39:24.862876Z] [0bd3079af577] [1_1] [TaskManager] Launching command task: 'tabix_sortCandidateSV' from master workflow
[2026-01-15T20:39:24.865463Z] [0bd3079af577] [1_1] [TaskManager] Completed command task: 'tabix_sortDiploidSV' launched from master workflow
[2026-01-15T20:39:24.869293Z] [0bd3079af577] [1_1] [TaskRunner:tabix_sortCandidateSV] Task initiated on local node
[2026-01-15T20:39:24.870383Z] [0bd3079af577] [1_1] [TaskRunner:extractSmallIndels] Task initiated on local node
[2026-01-15T20:39:24.983449Z] [0bd3079af577] [1_1] [TaskManager] Completed command task: 'tabix_sortCandidateSV' launched from master workflow
[2026-01-15T20:39:24.987476Z] [0bd3079af577] [1_1] [TaskManager] Completed command task: 'extractSmallIndels' launched from master workflow
[2026-01-15T20:39:24.988044Z] [0bd3079af577] [1_1] [TaskManager] Launching command task: 'extractSmallIndels_tabix' from master workflow
[2026-01-15T20:39:24.992732Z] [0bd3079af577] [1_1] [TaskRunner:extractSmallIndels_tabix] Task initiated on local node
[2026-01-15T20:39:25.104170Z] [0bd3079af577] [1_1] [TaskManager] Completed command task: 'extractSmallIndels_tabix' launched from master workflow
[2026-01-15T20:39:25.278876Z] [0bd3079af577] [1_1] [WorkflowRunner] Manta workflow successfully completed.
[2026-01-15T20:39:25.278876Z] [0bd3079af577] [1_1] [WorkflowRunner] 
[2026-01-15T20:39:25.278876Z] [0bd3079af577] [1_1] [WorkflowRunner] 	workflow version: 1.6.0
[2026-01-15T20:39:25.278949Z] [0bd3079af577] [1_1] [WorkflowRunner] 
[2026-01-15T20:39:25.278971Z] [0bd3079af577] [1_1] [WorkflowRunner] Workflow successfully completed all tasks
[2026-01-15T20:39:25.278990Z] [0bd3079af577] [1_1] [WorkflowRunner] Elapsed time for full workflow: 33 sec
